<?xml version="1.0" encoding="UTF-8"?>
<!-- Generated by org.testng.reporters.JUnitReportReporter -->
<testsuite hostname="DESKTOP-NB17RKO" failures="0" tests="1" name="com.jala.qa.utilityLayer.getDataFromExcel" time="2.351" errors="0" timestamp="2025-03-20T19:57:28 IST" skipped="0">
  <testcase classname="com.jala.qa.utilityLayer.getDataFromExcel" name="getExcelData" time="2.351"/>
</testsuite> <!-- com.jala.qa.utilityLayer.getDataFromExcel -->
