<?xml version="1.0" encoding="UTF-8"?>
<!-- Generated by org.testng.reporters.JUnitReportReporter -->
<testsuite hostname="DESKTOP-NB17RKO" failures="0" tests="2" name="com.jala.qa.TestLayer.CreateEmployeeDeatils" time="40.938" errors="0" timestamp="2025-03-20T19:45:01 IST" skipped="0">
  <testcase classname="com.jala.qa.TestLayer.CreateEmployeeDeatils" name="validateEmplyeeDetails" time="18.849">
    <system-out>
      <![CDATA[TC passed, Title matched]]>
    </system-out>
  </testcase> <!-- validateEmplyeeDetails -->
  <testcase classname="com.jala.qa.TestLayer.CreateEmployeeDeatils" name="validateEmplyeeDetails" time="22.089">
    <system-out>
      <![CDATA[TC passed, Title matched]]>
    </system-out>
  </testcase> <!-- validateEmplyeeDetails -->
  <system-out>
    <![CDATA[TC passed, Title matched
TC passed, Title matched]]>
  </system-out>
</testsuite> <!-- com.jala.qa.TestLayer.CreateEmployeeDeatils -->
