<?xml version="1.0" encoding="UTF-8"?>
<!-- Generated by org.testng.reporters.JUnitReportReporter -->
<testsuite hostname="DESKTOP-NB17RKO" failures="0" tests="2" name="com.jala.qa.TestDataLayer.LoginTestPage" time="22.852" errors="0" timestamp="2025-03-17T19:48:33 IST" skipped="0">
  <testcase classname="com.jala.qa.TestDataLayer.LoginTestPage" name="verifyValidLoginCredential" time="14.632">
    <system-out>
      <![CDATA[Home Page title matched]]>
    </system-out>
  </testcase> <!-- verifyValidLoginCredential -->
  <testcase classname="com.jala.qa.TestDataLayer.LoginTestPage" name="validateInvalideCredential" time="8.220">
    <system-out>
      <![CDATA[Test case Passed, invalid crential]]>
    </system-out>
  </testcase> <!-- validateInvalideCredential -->
  <system-out>
    <![CDATA[Home Page title matched
Test case Passed, invalid crential]]>
  </system-out>
</testsuite> <!-- com.jala.qa.TestDataLayer.LoginTestPage -->
