<?xml version="1.0" encoding="UTF-8"?>
<!-- Generated by org.testng.reporters.JUnitReportReporter -->
<testsuite hostname="DESKTOP-NB17RKO" failures="0" tests="1" name="com.jala.qa.TestDataLayer.HomeTestPage" time="12.544" errors="0" timestamp="2025-03-17T20:09:58 IST" skipped="0">
  <testcase classname="com.jala.qa.TestDataLayer.HomeTestPage" name="validateHomePage" time="12.544">
    <system-out>
      <![CDATA[TC Passed, Home text mateched]]>
    </system-out>
  </testcase> <!-- validateHomePage -->
  <system-out>
    <![CDATA[TC Passed, Home text mateched]]>
  </system-out>
</testsuite> <!-- com.jala.qa.TestDataLayer.HomeTestPage -->
